[demo.makewebbetter.com/animative-css-image-hover-effects/demo-1.html]
[backblue.gif]
[fade.gif]
[index.html]
[demo.makewebbetter.com/animative-css-image-hover-effects/assets/css/bootstrap.min.css]
[demo.makewebbetter.com/animative-css-image-hover-effects/assets/css/font-awesome.min.css]
[demo.makewebbetter.com/animative-css-image-hover-effects/assets/css/style.css]
[demo.makewebbetter.com/animative-css-image-hover-effects/assets/css/common.css]
[demo.makewebbetter.com/animative-css-image-hover-effects/assets/images/style-1.jpg]
[demo.makewebbetter.com/animative-css-image-hover-effects/assets/images/style-2.jpg]
[demo.makewebbetter.com/animative-css-image-hover-effects/assets/images/style-3.jpg]
[demo.makewebbetter.com/animative-css-image-hover-effects/assets/images/style-4.jpg]
[demo.makewebbetter.com/animative-css-image-hover-effects/assets/images/style-5.jpg]
[demo.makewebbetter.com/animative-css-image-hover-effects/assets/images/style-6.jpg]
[demo.makewebbetter.com/animative-css-image-hover-effects/assets/images/style-7.jpg]
[demo.makewebbetter.com/animative-css-image-hover-effects/assets/images/style-7-back.jpg]
[demo.makewebbetter.com/animative-css-image-hover-effects/assets/images/style-8.jpg]
[demo.makewebbetter.com/animative-css-image-hover-effects/assets/images/style-9.jpg]
[demo.makewebbetter.com/animative-css-image-hover-effects/assets/images/style-10.jpg]
[demo.makewebbetter.com/animative-css-image-hover-effects/assets/images/style-11.jpg]
[demo.makewebbetter.com/animative-css-image-hover-effects/assets/images/style-12.jpg]
[demo.makewebbetter.com/animative-css-image-hover-effects/assets/images/style-13.jpg]
[demo.makewebbetter.com/animative-css-image-hover-effects/assets/images/style-14.jpg]
[demo.makewebbetter.com/animative-css-image-hover-effects/assets/images/style-15.jpg]
[demo.makewebbetter.com/animative-css-image-hover-effects/assets/images/style-16.jpg]
[demo.makewebbetter.com/animative-css-image-hover-effects/assets/images/style-17.jpg]
[demo.makewebbetter.com/animative-css-image-hover-effects/assets/images/style-18.jpg]
[demo.makewebbetter.com/animative-css-image-hover-effects/assets/images/style-19.jpg]
[demo.makewebbetter.com/animative-css-image-hover-effects/assets/images/style-20.jpg]
[demo.makewebbetter.com/animative-css-image-hover-effects/assets/images/style-21.jpg]
[demo.makewebbetter.com/animative-css-image-hover-effects/assets/images/style-22.jpg]
[demo.makewebbetter.com/animative-css-image-hover-effects/assets/images/style-23.jpg]
[demo.makewebbetter.com/animative-css-image-hover-effects/assets/images/style-24.jpg]
[demo.makewebbetter.com/animative-css-image-hover-effects/assets/images/style-25.jpg]
[demo.makewebbetter.com/animative-css-image-hover-effects/assets/images/style-26.jpg]
[demo.makewebbetter.com/animative-css-image-hover-effects/assets/images/style-27.jpg]
[demo.makewebbetter.com/animative-css-image-hover-effects/assets/images/style-28.jpg]
[demo.makewebbetter.com/animative-css-image-hover-effects/assets/images/style-29.jpg]
[demo.makewebbetter.com/animative-css-image-hover-effects/assets/images/style-30.jpg]
[demo.makewebbetter.com/animative-css-image-hover-effects/assets/js/jqyery.js]
[demo.makewebbetter.com/animative-css-image-hover-effects/assets/js/bootstrap.min.js]
[demo.makewebbetter.com/animative-css-image-hover-effects/assets/js/custom.js]
[demo.makewebbetter.com/animative-css-image-hover-effects/demo-1.html]
[demo.makewebbetter.com/animative-css-image-hover-effects/assets/fonts/glyphicons-halflings-regular.eot]
[demo.makewebbetter.com/animative-css-image-hover-effects/assets/fonts/glyphicons-halflings-regulard41d.eot]
[demo.makewebbetter.com/animative-css-image-hover-effects/assets/fonts/glyphicons-halflings-regular.woff]
[demo.makewebbetter.com/animative-css-image-hover-effects/assets/fonts/glyphicons-halflings-regular.ttf]
[demo.makewebbetter.com/animative-css-image-hover-effects/assets/fonts/glyphicons-halflings-regular.svg]
[demo.makewebbetter.com/animative-css-image-hover-effects/assets/css/bootstrap.min.css]
[demo.makewebbetter.com/animative-css-image-hover-effects/assets/fonts/fontawesome-webfont78ce.eot]
[demo.makewebbetter.com/animative-css-image-hover-effects/assets/fonts/fontawesome-webfontd41d.eot]
[demo.makewebbetter.com/animative-css-image-hover-effects/assets/fonts/fontawesome-webfont78ce.woff]
[demo.makewebbetter.com/animative-css-image-hover-effects/assets/fonts/fontawesome-webfont78ce.ttf]
[demo.makewebbetter.com/animative-css-image-hover-effects/assets/css/font-awesome.min.css]
[demo.makewebbetter.com/animative-css-image-hover-effects/assets/css/style.css]
[demo.makewebbetter.com/animative-css-image-hover-effects/assets/css/common.css]
[demo.makewebbetter.com/animative-css-image-hover-effects/assets/fonts/glyphicons-halflings-regular.html]
[demo.makewebbetter.com/animative-css-image-hover-effects/assets/fonts/glyphicons-halflings-regulard41d.html]
[demo.makewebbetter.com/animative-css-image-hover-effects/assets/fonts/glyphicons-halflings-regular-2.html]
[demo.makewebbetter.com/animative-css-image-hover-effects/assets/fonts/glyphicons-halflings-regular-3.html]
[demo.makewebbetter.com/animative-css-image-hover-effects/assets/fonts/glyphicons-halflings-regular-4.html]
[demo.makewebbetter.com/animative-css-image-hover-effects/assets/fonts/fontawesome-webfont78ce.svg]
[demo.makewebbetter.com/animative-css-image-hover-effects/assets/fonts/fontawesome-webfont78ce.svg]
